<?xml version="1.0" encoding="UTF-8"?>
<!-- Generated by org.testng.reporters.JUnitReportReporter -->
<testsuite hostname="BLRW3004117" name="Runner" tests="3" failures="0" timestamp="3 Nov 2016 15:07:27 GMT" time="141.954" errors="0">
  <testcase name="feature" time="16.341" classname="Runner"/>
  <testcase name="feature" time="72.332" classname="Runner"/>
  <testcase name="feature" time="53.281" classname="Runner"/>
</testsuite> <!-- Runner -->
