<?xml version="1.0" encoding="UTF-8"?>
<!-- Generated by org.testng.reporters.JUnitReportReporter -->
<testsuite hostname="BLRW3004117" name="Runner" tests="1" failures="0" timestamp="3 Nov 2016 10:49:09 GMT" time="60.136" errors="0">
  <testcase name="feature" time="60.136" classname="Runner"/>
</testsuite> <!-- com.dca.test.Runner -->
