<?xml version="1.0" encoding="UTF-8"?>
<!-- Generated by org.testng.reporters.JUnitReportReporter -->
<testsuite hostname="BLRW3004117" name="Runner" tests="3" failures="0" timestamp="3 Nov 2016 11:21:50 GMT" time="0.229" errors="0">
  <testcase name="feature" time="0.092" classname="Runner"/>
  <testcase name="feature" time="0.038" classname="Runner"/>
  <testcase name="feature" time="0.099" classname="Runner"/>
</testsuite> <!-- Runner -->
