<?xml version="1.0" encoding="UTF-8"?>
<!-- Generated by org.testng.reporters.JUnitReportReporter -->
<testsuite hostname="BLRW3004117" name="Runner" tests="3" failures="0" timestamp="3 Nov 2016 15:19:24 GMT" time="0.301" errors="0">
  <testcase name="feature" time="0.078" classname="Runner"/>
  <testcase name="feature" time="0.126" classname="Runner"/>
  <testcase name="feature" time="0.097" classname="Runner"/>
</testsuite> <!-- Runner -->
